2023-01-18 12:54:04,316 - DEBUG - COM6: TX: 6169502b3508913a0b50f03c0579158744ac3ef29deccb768bfaae0c92c233c48d8ddd068b6d4576052c2c0d8b8fa9f8553450b0729518a5a5eff1942decb79121c7f6c79b1ad0a3a63d0fb26b81b72dbdcec19493fa0bdda51cb025c71a6477c07b
2023-01-18 12:54:04,327 - DEBUG - COM6: RX: 6169502b3508913a0b50f03c0579158744ac3ef29deccb768bfaae0c92c233c48d8ddd068b6d4576052c2c0d8b8fa9f8553450b0729518a5a5eff1942decb79121c7f6c79b1ad0a3a63d0fb26b81b72dbdcec19493fa0bdda51cb025c71a6477c07b
2023-01-18 12:54:04,327 - ERROR - COM6: Unable to deserialize 6169502b3508913a0b50f03c0579158744ac3ef29deccb768bfaae0c92c233c48d8ddd068b6d4576052c2c0d8b8fa9f8553450b0729518a5a5eff1942decb79121c7f6c79b1ad0a3a63d0fb26b81b72dbdcec19493fa0bdda51cb025c71a6477c07b
2023-01-18 12:54:06,330 - INFO - COM6: cmd KeypairSet, timeout waiting for event
2023-01-18 12:54:06,331 - DEBUG - COM6: TX: 059f01000100
2023-01-18 12:54:06,333 - DEBUG - COM6: RX: 059f01000100
2023-01-18 12:54:06,333 - ERROR - COM6: Unable to deserialize 059f01000100
2023-01-18 12:54:08,336 - INFO - COM6: cmd AddrLocalUnicastSet, timeout waiting for event
2023-01-18 12:54:08,337 - DEBUG - COM6: TX: 1392000018eed9c2a56add85049ffc3c59ad0e12
2023-01-18 12:54:08,340 - DEBUG - COM6: RX: 1392000018eed9c2a56add85049ffc3c59ad0e12
2023-01-18 12:54:08,341 - ERROR - COM6: Unable to deserialize 1392000018eed9c2a56add85049ffc3c59ad0e12
2023-01-18 12:54:10,345 - INFO - COM6: cmd SubnetAdd, timeout waiting for event
2023-01-18 12:54:10,346 - DEBUG - COM6: TX: 1597000000004f68ad85d9f48ac8589df665b6b49b8a
2023-01-18 12:54:10,350 - DEBUG - COM6: RX: 1597000000004f68ad85d9f48ac8589df665b6b49b8a
2023-01-18 12:54:10,350 - ERROR - COM6: Unable to deserialize 1597000000004f68ad85d9f48ac8589df665b6b49b8a
2023-01-18 12:54:12,350 - INFO - COM6: cmd AppkeyAdd, timeout waiting for event
2023-01-18 12:54:12,351 - DEBUG - COM6: TX: 1597010000002aa2a6ded5a0798ceab5787ca3ae39fc
2023-01-18 12:54:12,354 - DEBUG - COM6: RX: 1597010000002aa2a6ded5a0798ceab5787ca3ae39fc
2023-01-18 12:54:12,354 - ERROR - COM6: Unable to deserialize 1597010000002aa2a6ded5a0798ceab5787ca3ae39fc
2023-01-18 12:54:14,351 - INFO - COM6: cmd AppkeyAdd, timeout waiting for event
2023-01-18 12:57:30,249 - DEBUG - COM6: TX: 6169197349c620d45bf2c1724866b25495a105186fda302b2a996c038ec90225011b290f53ca152edf3b8f0fb124802d4b81e1c1d4e8429227c5774ba7e23374b45651481d5e2944452c5dd9c5b25421a07cb0158406c5ac61e0cd59aabe8cc95d04
2023-01-18 12:57:32,257 - INFO - COM6: cmd KeypairSet, timeout waiting for event
2023-01-18 12:57:32,258 - DEBUG - COM6: TX: 059f01000100
2023-01-18 12:57:34,265 - INFO - COM6: cmd AddrLocalUnicastSet, timeout waiting for event
2023-01-18 12:57:34,266 - DEBUG - COM6: TX: 1392000018eed9c2a56add85049ffc3c59ad0e12
2023-01-18 12:57:36,271 - INFO - COM6: cmd SubnetAdd, timeout waiting for event
2023-01-18 12:57:36,272 - DEBUG - COM6: TX: 1597000000004f68ad85d9f48ac8589df665b6b49b8a
2023-01-18 12:57:38,276 - INFO - COM6: cmd AppkeyAdd, timeout waiting for event
2023-01-18 12:57:38,276 - DEBUG - COM6: TX: 1597010000002aa2a6ded5a0798ceab5787ca3ae39fc
2023-01-18 12:57:40,279 - INFO - COM6: cmd AppkeyAdd, timeout waiting for event
2023-01-18 12:58:50,672 - DEBUG - COM6: TX: 616990a3de19aa98c3af0f6d9d371a0cfa3285ce7135a1b5c78f6e07599f36cb69e903b8d28a8a15aca4901ece4e7644a96262b99bee0732cfffbfb88b37240f7a6914285368f1817262180206148017a2e413571fe5f21bbe0f014545137ae2eede
2023-01-18 12:58:52,688 - INFO - COM6: cmd KeypairSet, timeout waiting for event
2023-01-18 12:58:52,689 - DEBUG - COM6: TX: 059f01000100
2023-01-18 12:58:54,695 - INFO - COM6: cmd AddrLocalUnicastSet, timeout waiting for event
2023-01-18 12:58:54,695 - DEBUG - COM6: TX: 1392000018eed9c2a56add85049ffc3c59ad0e12
2023-01-18 12:58:56,703 - INFO - COM6: cmd SubnetAdd, timeout waiting for event
2023-01-18 12:58:56,704 - DEBUG - COM6: TX: 1597000000004f68ad85d9f48ac8589df665b6b49b8a
2023-01-18 12:58:58,711 - INFO - COM6: cmd AppkeyAdd, timeout waiting for event
2023-01-18 12:58:58,712 - DEBUG - COM6: TX: 1597010000002aa2a6ded5a0798ceab5787ca3ae39fc
2023-01-18 12:59:00,721 - INFO - COM6: cmd AppkeyAdd, timeout waiting for event
